$ next dev --turbopack
   ▲ Next.js 15.5.6 (Turbopack)
   - Local:        http://localhost:3000
   - Network:      http://169.254.0.21:3000

 ✓ Starting...
Attention: Next.js now collects completely anonymous telemetry regarding usage.
This information is used to shape Next.js' roadmap and prioritize features.
You can learn more, including how to opt-out if you'd not like to participate in this anonymous program, by visiting the following URL:
https://nextjs.org/telemetry

 ✓ Ready in 1562ms
 ○ Compiling / ...
 ✓ Compiled / in 5.9s
 ⚠ metadataBase property in metadata export is not set for resolving social open graph or twitter images, using "http://localhost:3000". See https://nextjs.org/docs/app/api-reference/functions/generate-metadata#metadatabase
 GET / 200 in 6797ms
 GET / 200 in 3735ms
 ⚠ Cross origin request detected from hireclimb.lindy.site to /_next/* resource. In a future major version of Next.js, you will need to explicitly configure "allowedDevOrigins" in next.config to allow this.
Read more: https://nextjs.org/docs/app/api-reference/config/next-config-js/allowedDevOrigins
 ○ Compiling /favicon.ico ...
 ✓ Compiled /favicon.ico in 613ms
 GET /favicon.ico 200 in 965ms
 GET / 200 in 215ms
 GET / 200 in 246ms
 GET /favicon.ico 200 in 279ms
 ✓ Compiled in 263ms
 ⚠ metadataBase property in metadata export is not set for resolving social open graph or twitter images, using "http://localhost:3000". See https://nextjs.org/docs/app/api-reference/functions/generate-metadata#metadatabase
 GET / 200 in 688ms
 GET /favicon.ico 200 in 296ms
 GET / 200 in 274ms
 GET /favicon.ico 200 in 281ms
 GET / 200 in 640ms
 GET / 200 in 1653ms
 GET / 200 in 321ms
 GET /favicon.ico 200 in 278ms
 GET / 200 in 445ms
 ✓ Compiled in 631ms
 ✓ Compiled in 76ms
 ⚠ metadataBase property in metadata export is not set for resolving social open graph or twitter images, using "http://localhost:3000". See https://nextjs.org/docs/app/api-reference/functions/generate-metadata#metadatabase
 GET / 200 in 1117ms
 GET /favicon.ico 200 in 347ms
 GET / 200 in 365ms
 ✓ Compiled in 227ms
 ✓ Compiled in 637ms
 ⚠ metadataBase property in metadata export is not set for resolving social open graph or twitter images, using "http://localhost:3000". See https://nextjs.org/docs/app/api-reference/functions/generate-metadata#metadatabase
 GET / 200 in 1375ms
 GET / 200 in 243ms
 ✓ Compiled in 94ms
 ✓ Compiled in 179ms
 ✓ Compiled in 173ms
 ✓ Compiled in 138ms
 ✓ Compiled in 144ms
 ✓ Compiled / in 41ms
 ⚠ metadataBase property in metadata export is not set for resolving social open graph or twitter images, using "http://localhost:3000". See https://nextjs.org/docs/app/api-reference/functions/generate-metadata#metadatabase
 GET / 200 in 272ms
 ✓ Compiled in 211ms
 ✓ Compiled in 81ms
 ✓ Compiled in 139ms
 ⚠ metadataBase property in metadata export is not set for resolving social open graph or twitter images, using "http://localhost:3000". See https://nextjs.org/docs/app/api-reference/functions/generate-metadata#metadatabase
 GET / 200 in 757ms
 GET / 200 in 258ms
